
*** Running vivado
    with args -log Seven_segment_LED_Display_Controller.vds -m64 -mode batch -messageDb vivado.pb -notrace -source Seven_segment_LED_Display_Controller.tcl


****** Vivado v2016.1 (64-bit)
  **** SW Build 1538259 on Fri Apr  8 15:45:27 MDT 2016
  **** IP Build 1537824 on Fri Apr  8 04:28:57 MDT 2016
    ** Copyright 1986-2016 Xilinx, Inc. All Rights Reserved.

source Seven_segment_LED_Display_Controller.tcl -notrace
Command: synth_design -top Seven_segment_LED_Display_Controller -part xc7a35tcpg236-1
Starting synth_design
Attempting to get a license for feature 'Synthesis' and/or device 'xc7a35t'
INFO: [Common 17-349] Got license for feature 'Synthesis' and/or device 'xc7a35t'
INFO: Launching helper process for spawning children vivado processes
INFO: Helper process launched with PID 7164 
---------------------------------------------------------------------------------
Starting RTL Elaboration : Time (s): cpu = 00:00:04 ; elapsed = 00:00:06 . Memory (MB): peak = 303.621 ; gain = 97.539
---------------------------------------------------------------------------------
INFO: [Synth 8-638] synthesizing module 'Seven_segment_LED_Display_Controller' [D:/test/seven_seg_rev/seven_seg_rev.srcs/sources_1/new/sev_seg_rev.v:1]
INFO: [Synth 8-256] done synthesizing module 'Seven_segment_LED_Display_Controller' (1#1) [D:/test/seven_seg_rev/seven_seg_rev.srcs/sources_1/new/sev_seg_rev.v:1]
---------------------------------------------------------------------------------
Finished RTL Elaboration : Time (s): cpu = 00:00:05 ; elapsed = 00:00:07 . Memory (MB): peak = 340.859 ; gain = 134.777
---------------------------------------------------------------------------------

Report Check Netlist: 
+------+------------------+-------+---------+-------+------------------+
|      |Item              |Errors |Warnings |Status |Description       |
+------+------------------+-------+---------+-------+------------------+
|1     |multi_driven_nets |      0|        0|Passed |Multi driven nets |
+------+------------------+-------+---------+-------+------------------+
---------------------------------------------------------------------------------
Finished RTL Optimization Phase 1 : Time (s): cpu = 00:00:05 ; elapsed = 00:00:07 . Memory (MB): peak = 340.859 ; gain = 134.777
---------------------------------------------------------------------------------
INFO: [Device 21-403] Loading part xc7a35tcpg236-1
INFO: [Project 1-570] Preparing netlist for logic optimization

Processing XDC Constraints
Initializing timing engine
Parsing XDC File [D:/test/seven_seg_rev/seven_seg_rev.srcs/constrs_1/new/sev_seg.xdc]
WARNING: [Vivado 12-584] No ports matched 'seg_out[6]'. [D:/test/seven_seg_rev/seven_seg_rev.srcs/constrs_1/new/sev_seg.xdc:1]
CRITICAL WARNING: [Common 17-55] 'set_property' expects at least one object. [D:/test/seven_seg_rev/seven_seg_rev.srcs/constrs_1/new/sev_seg.xdc:1]
Resolution: If [get_<value>] was used to populate the object, check to make sure this command returns at least one valid object.
WARNING: [Vivado 12-584] No ports matched 'seg_out[5]'. [D:/test/seven_seg_rev/seven_seg_rev.srcs/constrs_1/new/sev_seg.xdc:2]
CRITICAL WARNING: [Common 17-55] 'set_property' expects at least one object. [D:/test/seven_seg_rev/seven_seg_rev.srcs/constrs_1/new/sev_seg.xdc:2]
Resolution: If [get_<value>] was used to populate the object, check to make sure this command returns at least one valid object.
WARNING: [Vivado 12-584] No ports matched 'seg_out[4]'. [D:/test/seven_seg_rev/seven_seg_rev.srcs/constrs_1/new/sev_seg.xdc:3]
CRITICAL WARNING: [Common 17-55] 'set_property' expects at least one object. [D:/test/seven_seg_rev/seven_seg_rev.srcs/constrs_1/new/sev_seg.xdc:3]
Resolution: If [get_<value>] was used to populate the object, check to make sure this command returns at least one valid object.
WARNING: [Vivado 12-584] No ports matched 'seg_out[3]'. [D:/test/seven_seg_rev/seven_seg_rev.srcs/constrs_1/new/sev_seg.xdc:4]
CRITICAL WARNING: [Common 17-55] 'set_property' expects at least one object. [D:/test/seven_seg_rev/seven_seg_rev.srcs/constrs_1/new/sev_seg.xdc:4]
Resolution: If [get_<value>] was used to populate the object, check to make sure this command returns at least one valid object.
WARNING: [Vivado 12-584] No ports matched 'seg_out[2]'. [D:/test/seven_seg_rev/seven_seg_rev.srcs/constrs_1/new/sev_seg.xdc:5]
CRITICAL WARNING: [Common 17-55] 'set_property' expects at least one object. [D:/test/seven_seg_rev/seven_seg_rev.srcs/constrs_1/new/sev_seg.xdc:5]
Resolution: If [get_<value>] was used to populate the object, check to make sure this command returns at least one valid object.
WARNING: [Vivado 12-584] No ports matched 'seg_out[1]'. [D:/test/seven_seg_rev/seven_seg_rev.srcs/constrs_1/new/sev_seg.xdc:6]
CRITICAL WARNING: [Common 17-55] 'set_property' expects at least one object. [D:/test/seven_seg_rev/seven_seg_rev.srcs/constrs_1/new/sev_seg.xdc:6]
Resolution: If [get_<value>] was used to populate the object, check to make sure this command returns at least one valid object.
WARNING: [Vivado 12-584] No ports matched 'seg_out[0]'. [D:/test/seven_seg_rev/seven_seg_rev.srcs/constrs_1/new/sev_seg.xdc:7]
CRITICAL WARNING: [Common 17-55] 'set_property' expects at least one object. [D:/test/seven_seg_rev/seven_seg_rev.srcs/constrs_1/new/sev_seg.xdc:7]
Resolution: If [get_<value>] was used to populate the object, check to make sure this command returns at least one valid object.
WARNING: [Vivado 12-584] No ports matched 'clk'. [D:/test/seven_seg_rev/seven_seg_rev.srcs/constrs_1/new/sev_seg.xdc:8]
CRITICAL WARNING: [Common 17-55] 'set_property' expects at least one object. [D:/test/seven_seg_rev/seven_seg_rev.srcs/constrs_1/new/sev_seg.xdc:8]
Resolution: If [get_<value>] was used to populate the object, check to make sure this command returns at least one valid object.
WARNING: [Vivado 12-584] No ports matched 'clk'. [D:/test/seven_seg_rev/seven_seg_rev.srcs/constrs_1/new/sev_seg.xdc:10]
CRITICAL WARNING: [Common 17-55] 'set_property' expects at least one object. [D:/test/seven_seg_rev/seven_seg_rev.srcs/constrs_1/new/sev_seg.xdc:10]
Resolution: If [get_<value>] was used to populate the object, check to make sure this command returns at least one valid object.
WARNING: [Vivado 12-584] No ports matched 'seg_out[6]'. [D:/test/seven_seg_rev/seven_seg_rev.srcs/constrs_1/new/sev_seg.xdc:12]
CRITICAL WARNING: [Common 17-55] 'set_property' expects at least one object. [D:/test/seven_seg_rev/seven_seg_rev.srcs/constrs_1/new/sev_seg.xdc:12]
Resolution: If [get_<value>] was used to populate the object, check to make sure this command returns at least one valid object.
WARNING: [Vivado 12-584] No ports matched 'seg_out[5]'. [D:/test/seven_seg_rev/seven_seg_rev.srcs/constrs_1/new/sev_seg.xdc:13]
CRITICAL WARNING: [Common 17-55] 'set_property' expects at least one object. [D:/test/seven_seg_rev/seven_seg_rev.srcs/constrs_1/new/sev_seg.xdc:13]
Resolution: If [get_<value>] was used to populate the object, check to make sure this command returns at least one valid object.
WARNING: [Vivado 12-584] No ports matched 'seg_out[4]'. [D:/test/seven_seg_rev/seven_seg_rev.srcs/constrs_1/new/sev_seg.xdc:14]
CRITICAL WARNING: [Common 17-55] 'set_property' expects at least one object. [D:/test/seven_seg_rev/seven_seg_rev.srcs/constrs_1/new/sev_seg.xdc:14]
Resolution: If [get_<value>] was used to populate the object, check to make sure this command returns at least one valid object.
WARNING: [Vivado 12-584] No ports matched 'seg_out[3]'. [D:/test/seven_seg_rev/seven_seg_rev.srcs/constrs_1/new/sev_seg.xdc:15]
CRITICAL WARNING: [Common 17-55] 'set_property' expects at least one object. [D:/test/seven_seg_rev/seven_seg_rev.srcs/constrs_1/new/sev_seg.xdc:15]
Resolution: If [get_<value>] was used to populate the object, check to make sure this command returns at least one valid object.
WARNING: [Vivado 12-584] No ports matched 'seg_out[2]'. [D:/test/seven_seg_rev/seven_seg_rev.srcs/constrs_1/new/sev_seg.xdc:16]
CRITICAL WARNING: [Common 17-55] 'set_property' expects at least one object. [D:/test/seven_seg_rev/seven_seg_rev.srcs/constrs_1/new/sev_seg.xdc:16]
Resolution: If [get_<value>] was used to populate the object, check to make sure this command returns at least one valid object.
WARNING: [Vivado 12-584] No ports matched 'seg_out[1]'. [D:/test/seven_seg_rev/seven_seg_rev.srcs/constrs_1/new/sev_seg.xdc:17]
CRITICAL WARNING: [Common 17-55] 'set_property' expects at least one object. [D:/test/seven_seg_rev/seven_seg_rev.srcs/constrs_1/new/sev_seg.xdc:17]
Resolution: If [get_<value>] was used to populate the object, check to make sure this command returns at least one valid object.
WARNING: [Vivado 12-584] No ports matched 'seg_out[0]'. [D:/test/seven_seg_rev/seven_seg_rev.srcs/constrs_1/new/sev_seg.xdc:18]
CRITICAL WARNING: [Common 17-55] 'set_property' expects at least one object. [D:/test/seven_seg_rev/seven_seg_rev.srcs/constrs_1/new/sev_seg.xdc:18]
Resolution: If [get_<value>] was used to populate the object, check to make sure this command returns at least one valid object.
Finished Parsing XDC File [D:/test/seven_seg_rev/seven_seg_rev.srcs/constrs_1/new/sev_seg.xdc]
INFO: [Project 1-236] Implementation specific constraints were found while reading constraint file [D:/test/seven_seg_rev/seven_seg_rev.srcs/constrs_1/new/sev_seg.xdc]. These constraints will be ignored for synthesis but will be used in implementation. Impacted constraints are listed in the file [.Xil/Seven_segment_LED_Display_Controller_propImpl.xdc].
Resolution: To avoid this warning, move constraints listed in [.Xil/Seven_segment_LED_Display_Controller_propImpl.xdc] to another XDC file and exclude this new file from synthesis with the used_in_synthesis property (File Properties dialog in GUI) and re-run elaboration/synthesis.
Completed Processing XDC Constraints

INFO: [Project 1-111] Unisim Transformation Summary:
No Unisim elements were transformed.

Constraint Validation Runtime : Time (s): cpu = 00:00:00 ; elapsed = 00:00:00.001 . Memory (MB): peak = 623.563 ; gain = 0.000
---------------------------------------------------------------------------------
Finished Constraint Validation : Time (s): cpu = 00:00:11 ; elapsed = 00:00:14 . Memory (MB): peak = 623.563 ; gain = 417.480
---------------------------------------------------------------------------------
---------------------------------------------------------------------------------
Start Loading Part and Timing Information
---------------------------------------------------------------------------------
Loading part: xc7a35tcpg236-1
---------------------------------------------------------------------------------
Finished Loading Part and Timing Information : Time (s): cpu = 00:00:11 ; elapsed = 00:00:14 . Memory (MB): peak = 623.563 ; gain = 417.480
---------------------------------------------------------------------------------
---------------------------------------------------------------------------------
Start Applying 'set_property' XDC Constraints
---------------------------------------------------------------------------------
---------------------------------------------------------------------------------
Finished applying 'set_property' XDC Constraints : Time (s): cpu = 00:00:11 ; elapsed = 00:00:14 . Memory (MB): peak = 623.563 ; gain = 417.480
---------------------------------------------------------------------------------
INFO: [Synth 8-5545] ROM "one_second_enable" won't be mapped to RAM because address size (27) is larger than maximum supported(25)
---------------------------------------------------------------------------------
Finished RTL Optimization Phase 2 : Time (s): cpu = 00:00:12 ; elapsed = 00:00:14 . Memory (MB): peak = 623.563 ; gain = 417.480
---------------------------------------------------------------------------------

Report RTL Partitions: 
+-+--------------+------------+----------+
| |RTL Partition |Replication |Instances |
+-+--------------+------------+----------+
+-+--------------+------------+----------+
---------------------------------------------------------------------------------
Start RTL Component Statistics 
---------------------------------------------------------------------------------
Detailed RTL Component Info : 
+---Muxes : 
	  11 Input      7 Bit        Muxes := 1     
	   4 Input      4 Bit        Muxes := 2     
	   2 Input      2 Bit        Muxes := 1     
---------------------------------------------------------------------------------
Finished RTL Component Statistics 
---------------------------------------------------------------------------------
---------------------------------------------------------------------------------
Start RTL Hierarchical Component Statistics 
---------------------------------------------------------------------------------
Hierarchical RTL Component report 
Module Seven_segment_LED_Display_Controller 
Detailed RTL Component Info : 
+---Muxes : 
	  11 Input      7 Bit        Muxes := 1     
	   4 Input      4 Bit        Muxes := 2     
	   2 Input      2 Bit        Muxes := 1     
---------------------------------------------------------------------------------
Finished RTL Hierarchical Component Statistics
---------------------------------------------------------------------------------
---------------------------------------------------------------------------------
Start Part Resource Summary
---------------------------------------------------------------------------------
Part Resources:
DSPs: 90 (col length:60)
BRAMs: 100 (col length: RAMB18 60 RAMB36 30)
---------------------------------------------------------------------------------
Finished Part Resource Summary
---------------------------------------------------------------------------------
Start Parallel Synthesis Optimization  : Time (s): cpu = 00:00:12 ; elapsed = 00:00:14 . Memory (MB): peak = 623.563 ; gain = 417.480
---------------------------------------------------------------------------------
Start Cross Boundary Optimization
---------------------------------------------------------------------------------
INFO: [Synth 8-5545] ROM "one_second_enable" won't be mapped to RAM because address size (27) is larger than maximum supported(25)
---------------------------------------------------------------------------------
Finished Cross Boundary Optimization : Time (s): cpu = 00:00:12 ; elapsed = 00:00:14 . Memory (MB): peak = 623.563 ; gain = 417.480
---------------------------------------------------------------------------------
Finished Parallel Reinference  : Time (s): cpu = 00:00:12 ; elapsed = 00:00:14 . Memory (MB): peak = 623.563 ; gain = 417.480

Report RTL Partitions: 
+-+--------------+------------+----------+
| |RTL Partition |Replication |Instances |
+-+--------------+------------+----------+
+-+--------------+------------+----------+
---------------------------------------------------------------------------------
Start Area Optimization
---------------------------------------------------------------------------------
---------------------------------------------------------------------------------
Finished Area Optimization : Time (s): cpu = 00:00:13 ; elapsed = 00:00:16 . Memory (MB): peak = 623.563 ; gain = 417.480
---------------------------------------------------------------------------------
Finished Parallel Area Optimization  : Time (s): cpu = 00:00:13 ; elapsed = 00:00:16 . Memory (MB): peak = 623.563 ; gain = 417.480

Report RTL Partitions: 
+-+--------------+------------+----------+
| |RTL Partition |Replication |Instances |
+-+--------------+------------+----------+
+-+--------------+------------+----------+
---------------------------------------------------------------------------------
Start Timing Optimization
---------------------------------------------------------------------------------
---------------------------------------------------------------------------------
Start Applying XDC Timing Constraints
---------------------------------------------------------------------------------
---------------------------------------------------------------------------------
Finished Applying XDC Timing Constraints : Time (s): cpu = 00:00:21 ; elapsed = 00:00:24 . Memory (MB): peak = 623.563 ; gain = 417.480
---------------------------------------------------------------------------------
---------------------------------------------------------------------------------
Finished Timing Optimization : Time (s): cpu = 00:00:21 ; elapsed = 00:00:24 . Memory (MB): peak = 623.563 ; gain = 417.480
---------------------------------------------------------------------------------

Report RTL Partitions: 
+-+--------------+------------+----------+
| |RTL Partition |Replication |Instances |
+-+--------------+------------+----------+
+-+--------------+------------+----------+
---------------------------------------------------------------------------------
Start Technology Mapping
---------------------------------------------------------------------------------
---------------------------------------------------------------------------------
Finished Technology Mapping : Time (s): cpu = 00:00:21 ; elapsed = 00:00:24 . Memory (MB): peak = 623.563 ; gain = 417.480
---------------------------------------------------------------------------------
Finished Parallel Technology Mapping Optimization  : Time (s): cpu = 00:00:21 ; elapsed = 00:00:24 . Memory (MB): peak = 623.563 ; gain = 417.480

Report RTL Partitions: 
+-+--------------+------------+----------+
| |RTL Partition |Replication |Instances |
+-+--------------+------------+----------+
+-+--------------+------------+----------+
Finished Parallel Synthesis Optimization  : Time (s): cpu = 00:00:21 ; elapsed = 00:00:24 . Memory (MB): peak = 623.563 ; gain = 417.480
---------------------------------------------------------------------------------
Start IO Insertion
---------------------------------------------------------------------------------
---------------------------------------------------------------------------------
Start Flattening Before IO Insertion
---------------------------------------------------------------------------------
---------------------------------------------------------------------------------
Finished Flattening Before IO Insertion
---------------------------------------------------------------------------------
---------------------------------------------------------------------------------
Start Final Netlist Cleanup
---------------------------------------------------------------------------------
---------------------------------------------------------------------------------
Finished Final Netlist Cleanup
---------------------------------------------------------------------------------
---------------------------------------------------------------------------------
Finished IO Insertion : Time (s): cpu = 00:00:21 ; elapsed = 00:00:24 . Memory (MB): peak = 623.563 ; gain = 417.480
---------------------------------------------------------------------------------

Report Check Netlist: 
+------+------------------+-------+---------+-------+------------------+
|      |Item              |Errors |Warnings |Status |Description       |
+------+------------------+-------+---------+-------+------------------+
|1     |multi_driven_nets |      0|        0|Passed |Multi driven nets |
+------+------------------+-------+---------+-------+------------------+
---------------------------------------------------------------------------------
Start Renaming Generated Instances
---------------------------------------------------------------------------------
---------------------------------------------------------------------------------
Finished Renaming Generated Instances : Time (s): cpu = 00:00:21 ; elapsed = 00:00:24 . Memory (MB): peak = 623.563 ; gain = 417.480
---------------------------------------------------------------------------------

Report RTL Partitions: 
+-+--------------+------------+----------+
| |RTL Partition |Replication |Instances |
+-+--------------+------------+----------+
+-+--------------+------------+----------+
---------------------------------------------------------------------------------
Start Rebuilding User Hierarchy
---------------------------------------------------------------------------------
---------------------------------------------------------------------------------
Finished Rebuilding User Hierarchy : Time (s): cpu = 00:00:21 ; elapsed = 00:00:24 . Memory (MB): peak = 623.563 ; gain = 417.480
---------------------------------------------------------------------------------
---------------------------------------------------------------------------------
Start Renaming Generated Ports
---------------------------------------------------------------------------------
---------------------------------------------------------------------------------
Finished Renaming Generated Ports : Time (s): cpu = 00:00:21 ; elapsed = 00:00:24 . Memory (MB): peak = 623.563 ; gain = 417.480
---------------------------------------------------------------------------------
---------------------------------------------------------------------------------
Start Handling Custom Attributes
---------------------------------------------------------------------------------
---------------------------------------------------------------------------------
Finished Handling Custom Attributes : Time (s): cpu = 00:00:21 ; elapsed = 00:00:24 . Memory (MB): peak = 623.563 ; gain = 417.480
---------------------------------------------------------------------------------
---------------------------------------------------------------------------------
Start Renaming Generated Nets
---------------------------------------------------------------------------------
---------------------------------------------------------------------------------
Finished Renaming Generated Nets : Time (s): cpu = 00:00:21 ; elapsed = 00:00:24 . Memory (MB): peak = 623.563 ; gain = 417.480
---------------------------------------------------------------------------------
---------------------------------------------------------------------------------
Start Writing Synthesis Report
---------------------------------------------------------------------------------

Report BlackBoxes: 
+-+--------------+----------+
| |BlackBox name |Instances |
+-+--------------+----------+
+-+--------------+----------+

Report Cell Usage: 
+------+-------+------+
|      |Cell   |Count |
+------+-------+------+
|1     |BUFG   |     1|
|2     |CARRY4 |    52|
|3     |LUT1   |    58|
|4     |LUT2   |    80|
|5     |LUT3   |    42|
|6     |LUT4   |    48|
|7     |LUT5   |    26|
|8     |LUT6   |    28|
|9     |FDCE   |    55|
|10    |FDPE   |     8|
|11    |IBUF   |     2|
|12    |OBUF   |    11|
+------+-------+------+

Report Instance Areas: 
+------+---------+-------+------+
|      |Instance |Module |Cells |
+------+---------+-------+------+
|1     |top      |       |   411|
+------+---------+-------+------+
---------------------------------------------------------------------------------
Finished Writing Synthesis Report : Time (s): cpu = 00:00:21 ; elapsed = 00:00:24 . Memory (MB): peak = 623.563 ; gain = 417.480
---------------------------------------------------------------------------------
Synthesis finished with 0 errors, 0 critical warnings and 0 warnings.
Synthesis Optimization Runtime : Time (s): cpu = 00:00:12 ; elapsed = 00:00:17 . Memory (MB): peak = 623.563 ; gain = 115.625
Synthesis Optimization Complete : Time (s): cpu = 00:00:21 ; elapsed = 00:00:24 . Memory (MB): peak = 623.563 ; gain = 417.480
INFO: [Project 1-571] Translating synthesized netlist
INFO: [Netlist 29-17] Analyzing 54 Unisim elements for replacement
INFO: [Netlist 29-28] Unisim Transformation completed in 0 CPU seconds
INFO: [Project 1-570] Preparing netlist for logic optimization
INFO: [Opt 31-138] Pushed 0 inverter(s) to 0 load pin(s).
INFO: [Project 1-111] Unisim Transformation Summary:
No Unisim elements were transformed.

INFO: [Common 17-83] Releasing license: Synthesis
16 Infos, 16 Warnings, 16 Critical Warnings and 0 Errors encountered.
synth_design completed successfully
synth_design: Time (s): cpu = 00:00:20 ; elapsed = 00:00:22 . Memory (MB): peak = 623.563 ; gain = 400.043
report_utilization: Time (s): cpu = 00:00:00 ; elapsed = 00:00:00.010 . Memory (MB): peak = 623.563 ; gain = 0.000
INFO: [Common 17-206] Exiting Vivado at Fri Feb 24 12:57:24 2023...
